

*******************************************************************************
Thu Nov 18 22:14:16 2021


FIT:    data read from 'winddaten.txt'
        format = z
BREAK: No data to fit

*******************************************************************************
Thu Nov 18 22:14:31 2021


FIT:    data read from 'winddaten.txt'
        format = z
BREAK: No data to fit

*******************************************************************************
Thu Nov 18 22:14:46 2021


FIT:    data read from 'winddaten.txt'
        format = z
BREAK: No data to fit

*******************************************************************************
Thu Nov 18 22:15:44 2021


FIT:    data read from 'winddaten.txt'
        format = z
        #datapoints = 16
        residuals are weighted equally (unit weight)

function used for fitting: f(x)
	f(x)=a*x+b
fitted parameters initialized with current variable values

iter      chisq       delta/lim  lambda   a             b            
   0 2.4794948120e+01   0.00e+00  2.80e+00    1.000000e+00   1.000000e+00
   4 6.6236930938e-02  -8.36e-06  2.80e-04    9.073971e-01   5.719856e-02

After 4 iterations the fit converged.
final sum of squares of residuals : 0.0662369
rel. change during last iteration : -8.3571e-11

degrees of freedom    (FIT_NDF)                        : 14
rms of residuals      (FIT_STDFIT) = sqrt(WSSR/ndf)    : 0.0687838
variance of residuals (reduced chisquare) = WSSR/ndf   : 0.00473121

Final set of parameters            Asymptotic Standard Error
=======================            ==========================
a               = 0.907397         +/- 0.007388     (0.8142%)
b               = 0.0571986        +/- 0.02829      (49.46%)

correlation matrix of the fit parameters:
                a      b      
a               1.000 
b              -0.794  1.000 


*******************************************************************************
Thu Nov 18 22:16:15 2021


FIT:    data read from 'winddaten.txt'
        format = z
        #datapoints = 16
        residuals are weighted equally (unit weight)

function used for fitting: f(x)
	f(x)=a*x+b
fitted parameters initialized with current variable values

iter      chisq       delta/lim  lambda   a             b            
   0 2.4794948120e+01   0.00e+00  2.80e+00    1.000000e+00   1.000000e+00
   4 6.6236930938e-02  -8.36e-06  2.80e-04    9.073971e-01   5.719856e-02

After 4 iterations the fit converged.
final sum of squares of residuals : 0.0662369
rel. change during last iteration : -8.3571e-11

degrees of freedom    (FIT_NDF)                        : 14
rms of residuals      (FIT_STDFIT) = sqrt(WSSR/ndf)    : 0.0687838
variance of residuals (reduced chisquare) = WSSR/ndf   : 0.00473121

Final set of parameters            Asymptotic Standard Error
=======================            ==========================
a               = 0.907397         +/- 0.007388     (0.8142%)
b               = 0.0571986        +/- 0.02829      (49.46%)

correlation matrix of the fit parameters:
                a      b      
a               1.000 
b              -0.794  1.000 


*******************************************************************************
Thu Nov 18 22:16:36 2021


FIT:    data read from 'winddaten.txt'
        format = z
        #datapoints = 16
        residuals are weighted equally (unit weight)

function used for fitting: f(x)
	f(x)=a*x+b
fitted parameters initialized with current variable values

iter      chisq       delta/lim  lambda   a             b            
   0 2.4794948120e+01   0.00e+00  2.80e+00    1.000000e+00   1.000000e+00
   4 6.6236930938e-02  -8.36e-06  2.80e-04    9.073971e-01   5.719856e-02

After 4 iterations the fit converged.
final sum of squares of residuals : 0.0662369
rel. change during last iteration : -8.3571e-11

degrees of freedom    (FIT_NDF)                        : 14
rms of residuals      (FIT_STDFIT) = sqrt(WSSR/ndf)    : 0.0687838
variance of residuals (reduced chisquare) = WSSR/ndf   : 0.00473121

Final set of parameters            Asymptotic Standard Error
=======================            ==========================
a               = 0.907397         +/- 0.007388     (0.8142%)
b               = 0.0571986        +/- 0.02829      (49.46%)

correlation matrix of the fit parameters:
                a      b      
a               1.000 
b              -0.794  1.000 
